<?xml version="1.0" encoding="UTF-8"?>
<testsuite xmlns:xsi="http://www.w3.org/2001/XMLSchema-instance" xsi:noNamespaceSchemaLocation="https://maven.apache.org/surefire/maven-surefire-plugin/xsd/surefire-test-report-3.0.xsd" version="3.0" name="de.iks.advent_calendar_backend.AdventCalendarBackendApplicationTests" time="5.523" tests="1" errors="0" skipped="0" failures="0">
  <properties>
[...]
</properties>
  <testcase name="contextLoads" classname="de.iks.advent_calendar_backend.AdventCalendarBackendApplicationTests" time="0.556">
    <system-out><![CDATA[09:25:45.272 [main] INFO org.springframework.test.context.support.AnnotationConfigContextLoaderUtils -- Could not detect default configuration classes for test class [de.iks.advent_calendar_backend.AdventCalendarBackendApplicationTests]: AdventCalendarBackendApplicationTests does not declare any static, non-private, non-final, nested classes annotated with @Configuration.
09:25:45.346 [main] INFO org.springframework.boot.test.context.SpringBootTestContextBootstrapper -- Found @SpringBootConfiguration de.iks.advent_calendar_backend.AdventCalendarBackendApplication for test class de.iks.advent_calendar_backend.AdventCalendarBackendApplicationTests
09:25:45.467 [main] INFO org.springframework.boot.devtools.restart.RestartApplicationListener -- Restart disabled due to context in which it is running

  .   ____          _            __ _ _
 /\\ / ___'_ __ _ _(_)_ __  __ _ \ \ \ \
( ( )\___ | '_ | '_| | '_ \/ _` | \ \ \ \
 \\/  ___)| |_)| | | | | || (_| |  ) ) ) )
  '  |____| .__|_| |_|_| |_\__, | / / / /
 =========|_|==============|___/=/_/_/_/
 :: Spring Boot ::                (v3.2.0)

2023-12-05T09:25:45.676+01:00  INFO 7748 --- [           main] .a.AdventCalendarBackendApplicationTests : Starting AdventCalendarBackendApplicationTests using Java 21.0.1 with PID 7748 (started by jsi in C:\Users\jsi\IdeaProjects\Projekte\Adventskalender\advent_calendar_backend)
2023-12-05T09:25:45.677+01:00  INFO 7748 --- [           main] .a.AdventCalendarBackendApplicationTests : No active profile set, falling back to 1 default profile: "default"
2023-12-05T09:25:46.462+01:00  INFO 7748 --- [           main] .s.d.r.c.RepositoryConfigurationDelegate : Bootstrapping Spring Data JPA repositories in DEFAULT mode.
2023-12-05T09:25:46.477+01:00  INFO 7748 --- [           main] .s.d.r.c.RepositoryConfigurationDelegate : Finished Spring Data repository scanning in 8 ms. Found 0 JPA repository interfaces.
2023-12-05T09:25:47.004+01:00  INFO 7748 --- [           main] com.zaxxer.hikari.HikariDataSource       : HikariPool-1 - Starting...
2023-12-05T09:25:47.253+01:00  INFO 7748 --- [           main] com.zaxxer.hikari.pool.HikariPool        : HikariPool-1 - Added connection org.postgresql.jdbc.PgConnection@13516600
2023-12-05T09:25:47.258+01:00  INFO 7748 --- [           main] com.zaxxer.hikari.HikariDataSource       : HikariPool-1 - Start completed.
2023-12-05T09:25:47.322+01:00  INFO 7748 --- [           main] o.f.c.internal.license.VersionPrinter    : Flyway Community Edition 9.22.3 by Redgate
2023-12-05T09:25:47.322+01:00  INFO 7748 --- [           main] o.f.c.internal.license.VersionPrinter    : See release notes here: https://rd.gt/416ObMi
2023-12-05T09:25:47.322+01:00  INFO 7748 --- [           main] o.f.c.internal.license.VersionPrinter    : 
2023-12-05T09:25:47.334+01:00  INFO 7748 --- [           main] org.flywaydb.core.FlywayExecutor         : Database: jdbc:postgresql://localhost/TestDB (PostgreSQL 16.1)
2023-12-05T09:25:47.338+01:00  WARN 7748 --- [           main] o.f.c.internal.database.base.Database    : Flyway upgrade recommended: PostgreSQL 16.1 is newer than this version of Flyway and support has not been tested. The latest supported version of PostgreSQL is 15.
2023-12-05T09:25:47.354+01:00  INFO 7748 --- [           main] o.f.core.internal.command.DbValidate     : Successfully validated 0 migrations (execution time 00:00.009s)
2023-12-05T09:25:47.354+01:00  WARN 7748 --- [           main] o.f.core.internal.command.DbValidate     : No migrations found. Are your locations set up correctly?
2023-12-05T09:25:47.411+01:00  INFO 7748 --- [           main] o.f.core.internal.command.DbMigrate      : Current version of schema "public": << Empty Schema >>
2023-12-05T09:25:47.414+01:00  INFO 7748 --- [           main] o.f.core.internal.command.DbMigrate      : Schema "public" is up to date. No migration necessary.
2023-12-05T09:25:47.554+01:00  INFO 7748 --- [           main] o.hibernate.jpa.internal.util.LogHelper  : HHH000204: Processing PersistenceUnitInfo [name: default]
2023-12-05T09:25:47.723+01:00  INFO 7748 --- [           main] org.hibernate.Version                    : HHH000412: Hibernate ORM core version 6.3.1.Final
2023-12-05T09:25:47.758+01:00  INFO 7748 --- [           main] o.h.c.internal.RegionFactoryInitiator    : HHH000026: Second-level cache disabled
2023-12-05T09:25:47.967+01:00  INFO 7748 --- [           main] o.s.o.j.p.SpringPersistenceUnitInfo      : No LoadTimeWeaver setup: ignoring JPA class transformer
2023-12-05T09:25:48.005+01:00  WARN 7748 --- [           main] org.hibernate.orm.deprecation            : HHH90000025: PostgreSQLDialect does not need to be specified explicitly using 'hibernate.dialect' (remove the property setting and it will be selected by default)
2023-12-05T09:25:48.176+01:00  INFO 7748 --- [           main] o.h.e.t.j.p.i.JtaPlatformInitiator       : HHH000489: No JTA platform available (set 'hibernate.transaction.jta.platform' to enable JTA platform integration)
2023-12-05T09:25:48.179+01:00  INFO 7748 --- [           main] j.LocalContainerEntityManagerFactoryBean : Initialized JPA EntityManagerFactory for persistence unit 'default'
2023-12-05T09:25:48.410+01:00  WARN 7748 --- [           main] JpaBaseConfiguration$JpaWebConfiguration : spring.jpa.open-in-view is enabled by default. Therefore, database queries may be performed during view rendering. Explicitly configure spring.jpa.open-in-view to disable this warning
2023-12-05T09:25:49.864+01:00  INFO 7748 --- [           main] o.s.b.a.e.web.EndpointLinksResolver      : Exposing 1 endpoint(s) beneath base path '/actuator'
2023-12-05T09:25:50.006+01:00  INFO 7748 --- [           main] .a.AdventCalendarBackendApplicationTests : Started AdventCalendarBackendApplicationTests in 4.548 seconds (process running for 5.286)
]]></system-out>
    <system-err><![CDATA[WARNING: A Java agent has been loaded dynamically (C:\Users\jsi\.m2\repository\net\bytebuddy\byte-buddy-agent\1.14.10\byte-buddy-agent-1.14.10.jar)
WARNING: If a serviceability tool is in use, please run with -XX:+EnableDynamicAgentLoading to hide this warning
WARNING: If a serviceability tool is not in use, please run with -Djdk.instrument.traceUsage for more information
WARNING: Dynamic loading of agents will be disallowed by default in a future release
]]></system-err>
  </testcase>
</testsuite>